{"level":"info","message":"server started on port undefined (undefined)"}
{"level":"info","message":"server started on port undefined (undefined)"}
{"level":"info","message":"server started on port 3000 (Development)"}
{"level":"info","message":"server started on port 3000 (Development)"}
{"level":"info","message":"server started on port 3000 (Development)"}
{"level":"info","message":"server started on port 3000 (Development)"}
{"level":"info","message":"server started on port 3000 (Development)"}
{"level":"info","message":"server started on port 3000 (Development)"}
{"level":"info","message":"server started on port 3000 (Development)"}
{"level":"info","message":"server started on port 3000 (Development)"}
{"level":"info","message":"server started on port 3000 (Development)"}
{"level":"info","message":"server started on port 3000 (Development)"}
{"level":"info","message":"server started on port 3000 (Development)"}
{"level":"info","message":"server started on port 3000 (Development)"}
{"level":"info","message":"server started on port 3000 (Development)"}
{"level":"info","message":"server started on port 3000 (Development)"}
{"level":"info","message":"Error while getting user : TypeError: client.search is not a function"}
{"level":"info","message":"Error while creating user : TypeError: client.index is not a function"}
{"level":"info","message":"Error while creating user : TypeError: client.index is not a function"}
{"level":"info","message":"server started on port 3000 (Development)"}
{"level":"info","message":"server started on port 3000 (Development)"}
{"level":"info","message":"server started on port 3000 (Development)"}
{"level":"info","message":"Error while getting user : TypeError: client.search is not a function"}
{"level":"info","message":"Error while getting user : TypeError: client.search is not a function"}
{"level":"info","message":"Error while getting user : TypeError: client.search is not a function"}
{"level":"info","message":"Error while getting user : TypeError: client.search is not a function"}
{"level":"info","message":"Error while getting user : TypeError: client.search is not a function"}
{"level":"info","message":"Error while getting user : TypeError: client.search is not a function"}
{"level":"info","message":"server started on port 3000 (Development)"}
{"level":"info","message":"server started on port 3000 (Development)"}
{"level":"info","message":"Response : [object Object]"}
{"level":"info","message":"Response : [object Object]"}
{"level":"info","message":"server started on port 3000 (Development)"}
{"level":"info","message":"server started on port 3000 (Development)"}
{"level":"info","message":"server started on port 3000 (Development)"}
{"level":"info","message":"Error while getting user : ResponseError: illegal_argument_exception: [illegal_argument_exception] Reason: query malformed, empty clause found at [1:11]"}
{"level":"info","message":"Error while getting user : ResponseError: illegal_argument_exception: [illegal_argument_exception] Reason: query malformed, empty clause found at [1:11]"}
{"level":"info","message":"Error while getting user : ResponseError: illegal_argument_exception: [illegal_argument_exception] Reason: query malformed, empty clause found at [1:11]"}
{"level":"info","message":"server started on port 3000 (Development)"}
{"level":"info","message":"server started on port 3000 (Development)"}
{"level":"info","message":"server started on port 3000 (Development)"}
{"level":"info","message":"server started on port 3000 (Development)"}
{"level":"info","message":"server started on port 3000 (Development)"}
{"level":"info","message":"server started on port 3000 (Development)"}
{"level":"info","message":"server started on port 3000 (Development)"}
